<?xml version="1.0" encoding="UTF-8"?>
<testsuite name="JUnit Jupiter" tests="1" skipped="0" failures="0" errors="0" time="0.085" hostname="MacBook-Pro-de-jerome.local" timestamp="2024-01-25T00:02:39">
<properties>
[...]
</properties>
<testcase name="test()" classname="org.jerkar.examples.capitalizer.CapitalizerTest" time="0.04">
<system-out><![CDATA[
unique-id: [engine:junit-jupiter]/[class:org.jerkar.examples.capitalizer.CapitalizerTest]/[method:test()]
display-name: test()
]]></system-out>
</testcase>
<system-out><![CDATA[
unique-id: [engine:junit-jupiter]
display-name: JUnit Jupiter
]]></system-out>
</testsuite>
